2023-01-17 08:54:39,460 - 30JulyEcommerce -INFO - Enter user mailL
2023-01-17 08:58:38,882 - 30JulyEcommerce -INFO - Open commerce URL
2023-01-17 08:58:42,186 - 30JulyEcommerce -INFO - Enter user mailL
2023-01-17 08:59:51,752 - 30JulyEcommerce -INFO - Open commerce URL
2023-01-17 08:59:55,045 - 30JulyEcommerce -INFO - Enter user mailL
2023-01-17 08:59:58,168 - 30JulyEcommerce -INFO - Enter User password
2023-01-17 09:00:01,892 - 30JulyEcommerce -INFO - Clicked on longin button
2023-01-18 08:03:56,751 - 30JulyEcommerce -INFO - Open URL
2023-01-18 08:04:00,057 - 30JulyEcommerce -INFO - Enter user mailL
2023-01-18 08:04:03,186 - 30JulyEcommerce -INFO - Enter User password
2023-01-18 08:04:08,129 - 30JulyEcommerce -INFO - Clicked on longin button
2023-01-18 08:04:11,141 - 30JulyEcommerce -INFO - Login successfully
2023-01-18 08:23:00,313 - 30JulyEcommerce -INFO - Open URL
2023-01-18 08:23:03,620 - 30JulyEcommerce -INFO - Enter user mailL
2023-01-18 08:23:06,749 - 30JulyEcommerce -INFO - Enter User password
2023-01-18 08:23:11,194 - 30JulyEcommerce -INFO - Clicked on longin button
2023-01-18 08:24:43,506 - 30JulyEcommerce -INFO - Open URL
2023-01-18 08:24:46,816 - 30JulyEcommerce -INFO - Enter user mailL
2023-01-18 08:24:49,942 - 30JulyEcommerce -INFO - Enter User password
2023-01-18 08:24:54,395 - 30JulyEcommerce -INFO - Clicked on longin button
2023-01-18 08:28:09,942 - 30JulyEcommerce -INFO - Open URL
2023-01-18 08:28:13,239 - 30JulyEcommerce -INFO - Enter user mailL
2023-01-18 08:28:16,370 - 30JulyEcommerce -INFO - Enter User password
2023-01-18 08:28:20,805 - 30JulyEcommerce -INFO - Clicked on longin button
2023-01-18 08:33:18,789 - 30JulyEcommerce -INFO - Open URL
2023-01-18 08:33:22,081 - 30JulyEcommerce -INFO - Enter user mailL
2023-01-18 08:33:25,201 - 30JulyEcommerce -INFO - Enter User password
2023-01-18 08:33:29,628 - 30JulyEcommerce -INFO - Clicked on longin button
2023-01-18 08:36:38,032 - 30JulyEcommerce -INFO - Open URL
2023-01-18 08:36:41,343 - 30JulyEcommerce -INFO - Enter user mailL
2023-01-18 08:36:44,471 - 30JulyEcommerce -INFO - Enter User password
2023-01-18 08:36:48,898 - 30JulyEcommerce -INFO - Clicked on longin button
2023-01-18 08:40:14,572 - 30JulyEcommerce -INFO - Open URL
2023-01-18 08:40:17,856 - 30JulyEcommerce -INFO - Enter user mailL
2023-01-18 08:40:20,984 - 30JulyEcommerce -INFO - Enter User password
2023-01-18 08:40:25,454 - 30JulyEcommerce -INFO - Clicked on longin button
2023-01-18 08:43:35,992 - 30JulyEcommerce -INFO - Open URL
2023-01-18 08:43:39,324 - 30JulyEcommerce -INFO - Enter user mailL
2023-01-18 08:43:42,449 - 30JulyEcommerce -INFO - Enter User password
2023-01-18 08:43:46,891 - 30JulyEcommerce -INFO - Clicked on longin button
2023-01-18 09:13:13,975 - 30JulyEcommerce -INFO - Open URL
2023-01-18 09:13:17,283 - 30JulyEcommerce -INFO - Enter user mailL
2023-01-18 09:13:20,406 - 30JulyEcommerce -INFO - Enter User password
2023-01-18 09:13:24,936 - 30JulyEcommerce -INFO - Clicked on longin button
2023-01-18 09:14:35,031 - 30JulyEcommerce -INFO - Open URL
2023-01-18 09:14:38,314 - 30JulyEcommerce -INFO - Enter user mailL
2023-01-18 09:14:41,438 - 30JulyEcommerce -INFO - Enter User password
2023-01-18 09:14:45,916 - 30JulyEcommerce -INFO - Clicked on longin button
2023-01-18 09:15:22,838 - 30JulyEcommerce -INFO - Open URL
2023-01-18 09:15:26,108 - 30JulyEcommerce -INFO - Enter user mailL
2023-01-18 09:15:29,248 - 30JulyEcommerce -INFO - Enter User password
2023-01-18 09:15:33,659 - 30JulyEcommerce -INFO - Clicked on longin button
2023-01-18 19:32:13,070 - 30JulyEcommerce -INFO - Open URL
2023-01-18 19:32:16,469 - 30JulyEcommerce -INFO - Enter user mailL
2023-01-18 19:32:19,646 - 30JulyEcommerce -INFO - Enter User password
2023-01-18 19:32:24,171 - 30JulyEcommerce -INFO - Clicked on longin button
2023-01-19 08:25:14,645 - 30JulyEcommerce -INFO - Open URL
2023-01-19 08:25:17,963 - 30JulyEcommerce -INFO - Enter user mailL
2023-01-19 08:25:21,104 - 30JulyEcommerce -INFO - Enter User password
2023-01-19 08:25:24,838 - 30JulyEcommerce -INFO - Clicked on longin button
2023-01-19 08:25:31,779 - 30JulyEcommerce -INFO - Mouseover on computer
2023-01-19 08:27:22,106 - 30JulyEcommerce -INFO - Open URL
2023-01-19 08:27:25,408 - 30JulyEcommerce -INFO - Enter user mailL
2023-01-19 08:27:28,552 - 30JulyEcommerce -INFO - Enter User password
2023-01-19 08:27:32,775 - 30JulyEcommerce -INFO - Clicked on longin button
2023-01-19 08:27:35,971 - 30JulyEcommerce -INFO - Mouseover on computer
2023-01-19 08:27:36,599 - 30JulyEcommerce -INFO - Clicked on NotebookText
2023-01-19 08:29:49,420 - 30JulyEcommerce -INFO - Open URL
2023-01-19 08:29:52,718 - 30JulyEcommerce -INFO - Enter user mailL
2023-01-19 08:29:55,864 - 30JulyEcommerce -INFO - Enter User password
2023-01-19 08:30:00,761 - 30JulyEcommerce -INFO - Clicked on longin button
2023-01-19 08:30:03,927 - 30JulyEcommerce -INFO - Mouseover on computer
2023-01-19 08:30:04,787 - 30JulyEcommerce -INFO - Clicked on NotebookText
2023-01-19 08:30:06,641 - 30JulyEcommerce -INFO - Product selected
2023-01-19 08:30:06,722 - 30JulyEcommerce -INFO - Add to cart
2023-01-19 08:30:07,080 - 30JulyEcommerce -INFO - Verified message
2023-01-19 08:30:07,143 - 30JulyEcommerce -INFO - Clciked on close Tab
2023-01-19 09:00:23,233 - 30JulyEcommerce -INFO - Open URL
2023-01-19 09:00:26,538 - 30JulyEcommerce -INFO - Enter user mailL
2023-01-19 09:00:29,694 - 30JulyEcommerce -INFO - Enter User password
2023-01-19 09:00:34,641 - 30JulyEcommerce -INFO - Clicked on longin button
2023-01-19 09:00:46,074 - 30JulyEcommerce -INFO - Open URL
2023-01-19 09:00:49,305 - 30JulyEcommerce -INFO - Enter user mailL
2023-01-19 09:00:52,420 - 30JulyEcommerce -INFO - Enter User password
2023-01-19 09:00:56,591 - 30JulyEcommerce -INFO - Clicked on longin button
2023-01-19 09:00:59,764 - 30JulyEcommerce -INFO - Mouseover on computer
2023-01-19 09:01:00,669 - 30JulyEcommerce -INFO - Clicked on NotebookText
2023-01-19 09:01:01,865 - 30JulyEcommerce -INFO - Product selected
2023-01-19 09:01:01,932 - 30JulyEcommerce -INFO - Add to cart
2023-01-19 09:01:02,750 - 30JulyEcommerce -INFO - Verified message
2023-01-19 09:01:02,805 - 30JulyEcommerce -INFO - Clciked on close Tab
2023-01-20 08:14:44,695 - 30JulyEcommerce -INFO - User created
2023-01-20 09:24:17,959 - 30JulyEcommerce -INFO - Open URL
2023-01-20 09:24:21,280 - 30JulyEcommerce -INFO - Enter user mailL
2023-01-20 09:24:24,424 - 30JulyEcommerce -INFO - Enter User password
2023-01-20 09:24:28,931 - 30JulyEcommerce -INFO - Clicked on longin button
2023-01-20 09:24:36,884 - 30JulyEcommerce -INFO - Open URL
2023-01-20 09:24:40,097 - 30JulyEcommerce -INFO - Enter user mailL
2023-01-20 09:24:43,229 - 30JulyEcommerce -INFO - Enter User password
2023-01-20 09:24:47,642 - 30JulyEcommerce -INFO - Clicked on longin button
2023-01-20 09:24:56,960 - 30JulyEcommerce -INFO - Open URL
2023-01-20 09:25:00,183 - 30JulyEcommerce -INFO - Enter user mailL
2023-01-20 09:25:03,326 - 30JulyEcommerce -INFO - Enter User password
2023-01-20 09:25:06,996 - 30JulyEcommerce -INFO - Clicked on longin button
2023-01-20 09:25:12,983 - 30JulyEcommerce -INFO - Open URL
2023-01-20 09:25:16,202 - 30JulyEcommerce -INFO - Enter user mailL
2023-01-20 09:25:19,355 - 30JulyEcommerce -INFO - Enter User password
2023-01-20 09:25:23,780 - 30JulyEcommerce -INFO - Clicked on longin button
2023-01-20 09:25:31,980 - 30JulyEcommerce -INFO - Open URL
2023-01-20 09:25:35,195 - 30JulyEcommerce -INFO - Enter user mailL
2023-01-20 09:25:38,325 - 30JulyEcommerce -INFO - Enter User password
2023-01-20 09:25:42,094 - 30JulyEcommerce -INFO - Clicked on longin button
2023-01-22 17:57:00,309 - 30JulyEcommerce -INFO - Open URL
2023-01-22 17:57:03,468 - 30JulyEcommerce -INFO - Enter user mail
2023-01-22 17:57:06,558 - 30JulyEcommerce -INFO - Enter User password
2023-01-22 17:57:10,992 - 30JulyEcommerce -INFO - Clicked on longin button
2023-01-22 17:57:13,754 - 30JulyEcommerce -INFO - Open URL
2023-01-22 17:57:16,823 - 30JulyEcommerce -INFO - Enter user mail
2023-01-22 17:57:19,904 - 30JulyEcommerce -INFO - Enter User password
2023-01-22 17:57:24,107 - 30JulyEcommerce -INFO - Clicked on longin button
2023-01-22 17:57:26,077 - 30JulyEcommerce -INFO - Open URL
2023-01-22 17:57:29,183 - 30JulyEcommerce -INFO - Enter user mail
2023-01-22 17:57:32,267 - 30JulyEcommerce -INFO - Enter User password
2023-01-22 17:57:35,712 - 30JulyEcommerce -INFO - Clicked on longin button
2023-01-22 17:57:37,722 - 30JulyEcommerce -INFO - Open URL
2023-01-22 17:57:40,825 - 30JulyEcommerce -INFO - Enter user mail
2023-01-22 17:57:43,900 - 30JulyEcommerce -INFO - Enter User password
2023-01-22 17:57:48,133 - 30JulyEcommerce -INFO - Clicked on longin button
2023-01-22 17:57:50,634 - 30JulyEcommerce -INFO - Open URL
2023-01-22 17:57:53,725 - 30JulyEcommerce -INFO - Enter user mail
2023-01-22 17:57:56,813 - 30JulyEcommerce -INFO - Enter User password
2023-01-22 17:58:00,941 - 30JulyEcommerce -INFO - Clicked on longin button
2023-01-22 18:02:57,189 - 30JulyEcommerce -INFO - Open URL
2023-01-22 18:03:00,288 - 30JulyEcommerce -INFO - Enter user mailL
2023-01-22 18:03:03,373 - 30JulyEcommerce -INFO - Enter User password
2023-01-22 18:03:06,818 - 30JulyEcommerce -INFO - Clicked on longin button
2023-01-22 18:09:19,098 - 30JulyEcommerce -INFO - Open URL
2023-01-22 18:09:22,245 - 30JulyEcommerce -INFO - Enter user mailL
2023-01-22 18:09:25,321 - 30JulyEcommerce -INFO - Enter User password
2023-01-22 18:09:29,464 - 30JulyEcommerce -INFO - Clicked on longin button
2023-01-22 19:07:53,964 - 30JulyEcommerce -INFO - Open URL
2023-01-22 19:07:57,137 - 30JulyEcommerce -INFO - Enter user mailL
2023-01-22 19:08:00,252 - 30JulyEcommerce -INFO - Enter User password
2023-01-22 19:08:04,909 - 30JulyEcommerce -INFO - Clicked on longin button
2023-01-22 19:08:08,089 - 30JulyEcommerce -INFO - Mouseover on computer
2023-01-22 19:08:09,336 - 30JulyEcommerce -INFO - Clicked on NotebookText
2023-01-23 17:05:51,893 - 30JulyEcommerce -INFO - Open URL
2023-01-23 17:05:55,077 - 30JulyEcommerce -INFO - Enter user mail
2023-01-23 17:05:58,204 - 30JulyEcommerce -INFO - Enter User password
2023-01-23 17:06:01,883 - 30JulyEcommerce -INFO - Clicked on longin button
2023-01-23 17:06:05,746 - 30JulyEcommerce -INFO - Open URL
2023-01-23 17:06:08,863 - 30JulyEcommerce -INFO - Enter user mail
2023-01-23 17:06:11,976 - 30JulyEcommerce -INFO - Enter User password
2023-01-23 17:06:15,578 - 30JulyEcommerce -INFO - Clicked on longin button
2023-01-23 17:06:19,542 - 30JulyEcommerce -INFO - Open URL
2023-01-23 17:06:22,667 - 30JulyEcommerce -INFO - Enter user mail
2023-01-23 17:06:25,774 - 30JulyEcommerce -INFO - Enter User password
2023-01-23 17:06:30,175 - 30JulyEcommerce -INFO - Clicked on longin button
2023-01-23 17:06:33,555 - 30JulyEcommerce -INFO - Open URL
2023-01-23 17:06:36,684 - 30JulyEcommerce -INFO - Enter user mail
2023-01-23 17:06:39,795 - 30JulyEcommerce -INFO - Enter User password
2023-01-23 17:06:44,055 - 30JulyEcommerce -INFO - Clicked on longin button
2023-01-23 17:06:46,692 - 30JulyEcommerce -INFO - Open URL
2023-01-23 17:06:49,800 - 30JulyEcommerce -INFO - Enter user mail
2023-01-23 17:06:52,911 - 30JulyEcommerce -INFO - Enter User password
2023-01-23 17:06:57,574 - 30JulyEcommerce -INFO - Clicked on longin button
2023-01-23 17:07:22,847 - 30JulyEcommerce -INFO - Open URL
2023-01-23 17:07:26,020 - 30JulyEcommerce -INFO - Enter user mailL
2023-01-23 17:07:29,139 - 30JulyEcommerce -INFO - Enter User password
2023-01-23 17:07:33,477 - 30JulyEcommerce -INFO - Clicked on longin button
2023-01-23 17:11:32,880 - 30JulyEcommerce -INFO - Open URL
2023-01-23 17:11:36,057 - 30JulyEcommerce -INFO - Enter user mailL
2023-01-23 17:11:39,172 - 30JulyEcommerce -INFO - Enter User password
2023-01-23 17:11:43,394 - 30JulyEcommerce -INFO - Clicked on longin button
2023-01-23 17:11:46,612 - 30JulyEcommerce -INFO - Mouseover on computer
2023-01-23 17:11:48,632 - 30JulyEcommerce -INFO - Clicked on NotebookText
2023-01-23 18:47:08,863 - 30JulyEcommerce -INFO - click on giftcard
2023-01-23 18:53:46,857 - 30JulyEcommerce -INFO - click on giftcard
2023-01-23 18:58:26,870 - 30JulyEcommerce -INFO - click on giftcard
2023-01-23 18:58:26,938 - 30JulyEcommerce -INFO - get text
